  ShaderProgram.cpp
  Matrix.cpp
c:\users\sarmanios\dropbox\important\nyu_poly\2017bspring\cs3113\hw5\nyucodebase\matrix.cpp(148): warning C4244: '=': conversion from 'double' to 'float', possible loss of data
c:\users\sarmanios\dropbox\important\nyu_poly\2017bspring\cs3113\hw5\nyucodebase\matrix.cpp(149): warning C4244: '=': conversion from 'double' to 'float', possible loss of data
c:\users\sarmanios\dropbox\important\nyu_poly\2017bspring\cs3113\hw5\nyucodebase\matrix.cpp(150): warning C4244: '=': conversion from 'double' to 'float', possible loss of data
c:\users\sarmanios\dropbox\important\nyu_poly\2017bspring\cs3113\hw5\nyucodebase\matrix.cpp(151): warning C4244: '=': conversion from 'double' to 'float', possible loss of data
c:\users\sarmanios\dropbox\important\nyu_poly\2017bspring\cs3113\hw5\nyucodebase\matrix.cpp(165): warning C4244: '=': conversion from 'double' to 'float', possible loss of data
c:\users\sarmanios\dropbox\important\nyu_poly\2017bspring\cs3113\hw5\nyucodebase\matrix.cpp(166): warning C4244: '=': conversion from 'double' to 'float', possible loss of data
c:\users\sarmanios\dropbox\important\nyu_poly\2017bspring\cs3113\hw5\nyucodebase\matrix.cpp(167): warning C4244: '=': conversion from 'double' to 'float', possible loss of data
c:\users\sarmanios\dropbox\important\nyu_poly\2017bspring\cs3113\hw5\nyucodebase\matrix.cpp(168): warning C4244: '=': conversion from 'double' to 'float', possible loss of data
c:\users\sarmanios\dropbox\important\nyu_poly\2017bspring\cs3113\hw5\nyucodebase\matrix.cpp(172): warning C4244: '=': conversion from 'double' to 'float', possible loss of data
c:\users\sarmanios\dropbox\important\nyu_poly\2017bspring\cs3113\hw5\nyucodebase\matrix.cpp(173): warning C4244: '=': conversion from 'double' to 'float', possible loss of data
c:\users\sarmanios\dropbox\important\nyu_poly\2017bspring\cs3113\hw5\nyucodebase\matrix.cpp(174): warning C4244: '=': conversion from 'double' to 'float', possible loss of data
c:\users\sarmanios\dropbox\important\nyu_poly\2017bspring\cs3113\hw5\nyucodebase\matrix.cpp(175): warning C4244: '=': conversion from 'double' to 'float', possible loss of data
c:\users\sarmanios\dropbox\important\nyu_poly\2017bspring\cs3113\hw5\nyucodebase\matrix.cpp(213): warning C4244: 'argument': conversion from 'double' to 'float', possible loss of data
c:\users\sarmanios\dropbox\important\nyu_poly\2017bspring\cs3113\hw5\nyucodebase\matrix.cpp(214): warning C4244: 'argument': conversion from 'double' to 'float', possible loss of data
  main.cpp
c:\users\sarmanios\dropbox\important\nyu_poly\2017bspring\cs3113\hw5\nyucodebase\main.cpp(114): warning C4244: 'argument': conversion from 'double' to 'float', possible loss of data
c:\users\sarmanios\dropbox\important\nyu_poly\2017bspring\cs3113\hw5\nyucodebase\main.cpp(156): warning C4018: '<': signed/unsigned mismatch
c:\users\sarmanios\dropbox\important\nyu_poly\2017bspring\cs3113\hw5\nyucodebase\main.cpp(159): warning C4018: '<': signed/unsigned mismatch
c:\users\sarmanios\dropbox\important\nyu_poly\2017bspring\cs3113\hw5\nyucodebase\main.cpp(173): warning C4244: 'initializing': conversion from 'double' to 'float', possible loss of data
c:\users\sarmanios\dropbox\important\nyu_poly\2017bspring\cs3113\hw5\nyucodebase\main.cpp(174): warning C4244: 'initializing': conversion from 'double' to 'float', possible loss of data
c:\users\sarmanios\dropbox\important\nyu_poly\2017bspring\cs3113\hw5\nyucodebase\main.cpp(176): warning C4244: 'initializing': conversion from 'double' to 'float', possible loss of data
c:\users\sarmanios\dropbox\important\nyu_poly\2017bspring\cs3113\hw5\nyucodebase\main.cpp(202): warning C4018: '<': signed/unsigned mismatch
c:\users\sarmanios\dropbox\important\nyu_poly\2017bspring\cs3113\hw5\nyucodebase\main.cpp(220): warning C4018: '<': signed/unsigned mismatch
c:\users\sarmanios\dropbox\important\nyu_poly\2017bspring\cs3113\hw5\nyucodebase\main.cpp(244): warning C4018: '<': signed/unsigned mismatch
c:\users\sarmanios\dropbox\important\nyu_poly\2017bspring\cs3113\hw5\nyucodebase\main.cpp(252): warning C4018: '<': signed/unsigned mismatch
c:\users\sarmanios\dropbox\important\nyu_poly\2017bspring\cs3113\hw5\nyucodebase\main.cpp(347): warning C4244: '+=': conversion from 'double' to 'float', possible loss of data
c:\users\sarmanios\dropbox\important\nyu_poly\2017bspring\cs3113\hw5\nyucodebase\main.cpp(348): warning C4244: '+=': conversion from 'double' to 'float', possible loss of data
c:\users\sarmanios\dropbox\important\nyu_poly\2017bspring\cs3113\hw5\nyucodebase\main.cpp(349): warning C4244: '+=': conversion from 'double' to 'float', possible loss of data
  Generating Code...
  NYUCodebase.vcxproj -> C:\Users\sarmanios\Dropbox\important\NYU_POLY\2017bSpring\cs3113\hw5\Debug\NYUCodebase.exe
  NYUCodebase.vcxproj -> C:\Users\sarmanios\Dropbox\important\NYU_POLY\2017bSpring\cs3113\hw5\Debug\NYUCodebase.pdb (Full PDB)
